<?xml version="1.0" encoding="UTF-8"?>
<!-- Generated by org.testng.reporters.JUnitXMLReporter -->
<testsuite ignored="0" hostname="Justin-HP" failures="0" tests="3" name="Cart tests" time="11.741" errors="0" timestamp="2023-09-14T16:21:45 BST">
  <testcase classname="herokuapp.adoptpuppy.CartTests" name="adopt_another_puppy_btn_test" time="2.732"/>
  <testcase classname="herokuapp.adoptpuppy.CartTests" name="change_mind_btn_test" time="2.915"/>
  <testcase classname="herokuapp.adoptpuppy.CartTests" name="complete_the_adoption_btn_test" time="2.733"/>
</testsuite> <!-- Cart tests -->
