<?xml version="1.0" encoding="UTF-8"?>
<!-- Generated by org.testng.reporters.JUnitXMLReporter -->
<testsuite ignored="0" hostname="Justin-HP" failures="0" tests="3" name="E2E scenarios" time="18.61" errors="0" timestamp="2023-09-14T16:21:33 BST">
  <testcase classname="herokuapp.adoptpuppy.E2eTests" name="adopt_one_dog_Test" time="3.645"/>
  <testcase classname="herokuapp.adoptpuppy.E2eTests" name="adopt_two_dogs_and_add_3_items_to_one" time="5.464"/>
  <testcase classname="herokuapp.adoptpuppy.E2eTests" name="adopt_two_random_dogs_with_the_same_addition_Test" time="5.784"/>
</testsuite> <!-- E2E scenarios -->
