<?xml version="1.0" encoding="UTF-8"?>
<!-- Generated by org.testng.reporters.JUnitXMLReporter -->
<testsuite ignored="0" hostname="Justin-HP" failures="0" tests="2" name="Navigation tests Chrome" time="6.631" errors="0" timestamp="2023-09-14T16:21:52 BST">
  <testcase classname="herokuapp.adoptpuppy.NavigationTests" name="previous_btn_first_page_test" time="1.775"/>
  <testcase classname="herokuapp.adoptpuppy.NavigationTests" name="previous_btn_test" time="2.65"/>
</testsuite> <!-- Navigation tests Chrome -->
