<?xml version="1.0" encoding="UTF-8"?>
<!-- Generated by org.testng.reporters.JUnitXMLReporter -->
<testsuite ignored="0" hostname="Justin-HP" failures="0" tests="4" name="OrderFormTests" time="31.42" errors="0" timestamp="2023-09-14T16:21:15 BST">
  <testcase classname="herokuapp.adoptpuppy.PaymentTests" name="order_form_positive_Test" time="11.472"/>
  <testcase classname="herokuapp.adoptpuppy.PaymentTests" name="order_form_single_filed_empty_negative_Test" time="4.063"/>
  <testcase classname="herokuapp.adoptpuppy.PaymentTests" name="order_form_single_filed_empty_negative_Test" time="3.942"/>
  <testcase classname="herokuapp.adoptpuppy.PaymentTests" name="order_form_single_filed_empty_negative_Test" time="3.948"/>
</testsuite> <!-- OrderFormTests -->
